Flow report for DLD_LAB4_Quartus
Wed Dec 14 11:30:46 2022
Quartus II 64-Bit Version 12.1 Build 177 11/07/2012 SJ Web Edition


---------------------
; Table of Contents ;
---------------------
  1. Legal Notice
  2. Flow Summary
  3. Flow Settings
  4. Flow Non-Default Global Settings
  5. Flow Elapsed Time
  6. Flow OS Summary
  7. Flow Log



----------------
; Legal Notice ;
----------------
Copyright (C) 1991-2012 Altera Corporation
Your use of Altera Corporation's design tools, logic functions 
and other software and tools, and its AMPP partner logic 
functions, and any output files from any of the foregoing 
(including device programming or simulation files), and any 
associated documentation or information are expressly subject 
to the terms and conditions of the Altera Program License 
Subscription Agreement, Altera MegaCore Function License 
Agreement, or other applicable license agreement, including, 
without limitation, that your use is for the sole purpose of 
programming logic devices manufactured by Altera and sold by 
Altera or its authorized distributors.  Please refer to the 
applicable agreement for further details.



+-------------------------------------------------------------------------------+
; Flow Summary                                                                  ;
+------------------------------------+------------------------------------------+
; Flow Status                        ; Successful - Wed Dec 14 11:30:46 2022    ;
; Quartus II 64-Bit Version          ; 12.1 Build 177 11/07/2012 SJ Web Edition ;
; Revision Name                      ; DLD_LAB4_Quartus                         ;
; Top-level Entity Name              ; DLD_LAB4_Quartus                         ;
; Family                             ; Cyclone II                               ;
; Device                             ; EP2C20F484C7                             ;
; Timing Models                      ; Final                                    ;
; Total logic elements               ; 122 / 18,752 ( < 1 % )                   ;
;     Total combinational functions  ; 121 / 18,752 ( < 1 % )                   ;
;     Dedicated logic registers      ; 75 / 18,752 ( < 1 % )                    ;
; Total registers                    ; 75                                       ;
; Total pins                         ; 22 / 315 ( 7 % )                         ;
; Total virtual pins                 ; 0                                        ;
; Total memory bits                  ; 4,096 / 239,616 ( 2 % )                  ;
; Embedded Multiplier 9-bit elements ; 2 / 52 ( 4 % )                           ;
; Total PLLs                         ; 0 / 4 ( 0 % )                            ;
+------------------------------------+------------------------------------------+


+-----------------------------------------+
; Flow Settings                           ;
+-------------------+---------------------+
; Option            ; Setting             ;
+-------------------+---------------------+
; Start date & time ; 12/14/2022 11:29:57 ;
; Main task         ; Compilation         ;
; Revision Name     ; DLD_LAB4_Quartus    ;
+-------------------+---------------------+


+----------------------------------------------------------------------------------------------------------------------+
; Flow Non-Default Global Settings                                                                                     ;
+-------------------------------------+---------------------------------+---------------+-------------+----------------+
; Assignment Name                     ; Value                           ; Default Value ; Entity Name ; Section Id     ;
+-------------------------------------+---------------------------------+---------------+-------------+----------------+
; COMPILER_SIGNATURE_ID               ; 269295405577243.167100479600884 ; --            ; --          ; --             ;
; EDA_OUTPUT_DATA_FORMAT              ; Verilog Hdl                     ; --            ; --          ; eda_simulation ;
; EDA_SIMULATION_TOOL                 ; ModelSim-Altera (Verilog)       ; <None>        ; --          ; --             ;
; IP_TOOL_NAME                        ; ROM: 1-PORT                     ; --            ; --          ; --             ;
; IP_TOOL_VERSION                     ; 12.1                            ; --            ; --          ; --             ;
; MAX_CORE_JUNCTION_TEMP              ; 85                              ; --            ; --          ; --             ;
; MIN_CORE_JUNCTION_TEMP              ; 0                               ; --            ; --          ; --             ;
; MISC_FILE                           ; ROM.bsf                         ; --            ; --          ; --             ;
; MISC_FILE                           ; ROM_inst.v                      ; --            ; --          ; --             ;
; MISC_FILE                           ; ROM_bb.v                        ; --            ; --          ; --             ;
; MISC_FILE                           ; ROM_syn.v                       ; --            ; --          ; --             ;
; PARTITION_COLOR                     ; 16764057                        ; --            ; --          ; Top            ;
; PARTITION_FITTER_PRESERVATION_LEVEL ; PLACEMENT_AND_ROUTING           ; --            ; --          ; Top            ;
; PARTITION_NETLIST_TYPE              ; SOURCE                          ; --            ; --          ; Top            ;
; PROJECT_OUTPUT_DIRECTORY            ; output_files                    ; --            ; --          ; --             ;
+-------------------------------------+---------------------------------+---------------+-------------+----------------+


+-------------------------------------------------------------------------------------------------------------------------------+
; Flow Elapsed Time                                                                                                             ;
+---------------------------+--------------+-------------------------+---------------------+------------------------------------+
; Module Name               ; Elapsed Time ; Average Processors Used ; Peak Virtual Memory ; Total CPU Time (on all processors) ;
+---------------------------+--------------+-------------------------+---------------------+------------------------------------+
; Analysis & Synthesis      ; 00:00:08     ; 1.0                     ; 457 MB              ; 00:00:03                           ;
; Fitter                    ; 00:00:08     ; 1.0                     ; 548 MB              ; 00:00:07                           ;
; Assembler                 ; 00:00:08     ; 1.0                     ; 422 MB              ; 00:00:02                           ;
; TimeQuest Timing Analyzer ; 00:00:06     ; 1.0                     ; 389 MB              ; 00:00:02                           ;
; EDA Netlist Writer        ; 00:00:04     ; 1.0                     ; 373 MB              ; 00:00:01                           ;
; Total                     ; 00:00:34     ; --                      ; --                  ; 00:00:15                           ;
+---------------------------+--------------+-------------------------+---------------------+------------------------------------+


+----------------------------------------------------------------------------------------+
; Flow OS Summary                                                                        ;
+---------------------------+------------------+-----------+------------+----------------+
; Module Name               ; Machine Hostname ; OS Name   ; OS Version ; Processor type ;
+---------------------------+------------------+-----------+------------+----------------+
; Analysis & Synthesis      ; DLDLABRef-PC     ; Windows 7 ; 6.1        ; x86_64         ;
; Fitter                    ; DLDLABRef-PC     ; Windows 7 ; 6.1        ; x86_64         ;
; Assembler                 ; DLDLABRef-PC     ; Windows 7 ; 6.1        ; x86_64         ;
; TimeQuest Timing Analyzer ; DLDLABRef-PC     ; Windows 7 ; 6.1        ; x86_64         ;
; EDA Netlist Writer        ; DLDLABRef-PC     ; Windows 7 ; 6.1        ; x86_64         ;
+---------------------------+------------------+-----------+------------+----------------+


------------
; Flow Log ;
------------
quartus_map --read_settings_files=on --write_settings_files=off DLD_LAB4_Quartus -c DLD_LAB4_Quartus
quartus_fit --read_settings_files=off --write_settings_files=off DLD_LAB4_Quartus -c DLD_LAB4_Quartus
quartus_asm --read_settings_files=off --write_settings_files=off DLD_LAB4_Quartus -c DLD_LAB4_Quartus
quartus_sta DLD_LAB4_Quartus -c DLD_LAB4_Quartus
quartus_eda --read_settings_files=off --write_settings_files=off DLD_LAB4_Quartus -c DLD_LAB4_Quartus



